fox COM_SELECT 31931
fox CREATED_TMP_DISK_TABLES 0
fox SLOW_QUERIES 0
fox THREADS_RUNNING 0
fox COM_INSERT 458
fox COM_ROLLBACK 0
fox COM_COMMIT 11207
fox COM_DELETE 39
fox COM_EXECUTE_SQL 0
fox COM_UPDATE 392
fox THREADS_CONNECTED 0
fox BYTES_RECEIVED 15605389
fox BYTES_SENT 0
cash-slave SLOW_QUERIES 0
cash-slave THREADS_CONNECTED 0
cash-slave THREADS_RUNNING 0
cash-slave COM_COMMIT 6
cash-slave COM_EXECUTE_SQL 0
cash-slave COM_INSERT 4
cash-slave COM_ROLLBACK 0
cash-slave COM_SELECT 5
cash-slave BYTES_RECEIVED 4412
cash-slave BYTES_SENT 0
cash-slave COM_DELETE 0
cash-slave COM_UPDATE 2
cash-slave CREATED_TMP_DISK_TABLES 0
rongyilai-slave THREADS_CONNECTED 0
rongyilai-slave BYTES_RECEIVED 229725
rongyilai-slave COM_COMMIT 448
rongyilai-slave COM_EXECUTE_SQL 0
rongyilai-slave COM_INSERT 338
rongyilai-slave COM_SELECT 2
rongyilai-slave COM_UPDATE 114
rongyilai-slave SLOW_QUERIES 0
rongyilai-slave BYTES_SENT 0
rongyilai-slave COM_DELETE 0
rongyilai-slave COM_ROLLBACK 0
rongyilai-slave CREATED_TMP_DISK_TABLES 0
rongyilai-slave THREADS_RUNNING 0
qnn COM_INSERT 835
qnn COM_ROLLBACK 0
qnn COM_SELECT 11301
qnn CREATED_TMP_DISK_TABLES 0
qnn SLOW_QUERIES 0
qnn THREADS_CONNECTED 0
qnn THREADS_RUNNING 0
qnn COM_DELETE 1
qnn BYTES_SENT 0
qnn COM_COMMIT 232
qnn COM_EXECUTE_SQL 0
qnn COM_UPDATE 652
qnn BYTES_RECEIVED 4187762
encryptor4 THREADS_RUNNING 0
encryptor4 BYTES_SENT 0
encryptor4 COM_COMMIT 5
encryptor4 COM_DELETE 0
encryptor4 COM_EXECUTE_SQL 0
encryptor4 CREATED_TMP_DISK_TABLES 0
encryptor4 THREADS_CONNECTED 0
encryptor4 BYTES_RECEIVED 70623
encryptor4 COM_INSERT 5
encryptor4 COM_ROLLBACK 0
encryptor4 COM_SELECT 204
encryptor4 COM_UPDATE 0
encryptor4 SLOW_QUERIES 0
biz-gr-slave THREADS_CONNECTED 0
biz-gr-slave THREADS_RUNNING 0
biz-gr-slave BYTES_RECEIVED 3797366
biz-gr-slave COM_EXECUTE_SQL 0
biz-gr-slave COM_ROLLBACK 0
biz-gr-slave COM_SELECT 10
biz-gr-slave COM_UPDATE 1516
biz-gr-slave CREATED_TMP_DISK_TABLES 0
biz-gr-slave BYTES_SENT 0
biz-gr-slave COM_COMMIT 2194
biz-gr-slave COM_DELETE 18
biz-gr-slave COM_INSERT 1459
biz-gr-slave SLOW_QUERIES 0
dsq-slave-135-84 BYTES_RECEIVED 4866976
dsq-slave-135-84 COM_DELETE 19
dsq-slave-135-84 COM_UPDATE 7728
dsq-slave-135-84 CREATED_TMP_DISK_TABLES 0
dsq-slave-135-84 THREADS_CONNECTED 0
dsq-slave-135-84 BYTES_SENT 0
dsq-slave-135-84 COM_COMMIT 10620
dsq-slave-135-84 COM_EXECUTE_SQL 0
dsq-slave-135-84 COM_INSERT 4450
dsq-slave-135-84 COM_ROLLBACK 0
dsq-slave-135-84 COM_SELECT 14
dsq-slave-135-84 SLOW_QUERIES 0
dsq-slave-135-84 THREADS_RUNNING 0
yimei BYTES_SENT 0
yimei COM_DELETE 0
yimei COM_ROLLBACK 0
yimei COM_SELECT 2
yimei THREADS_RUNNING 0
yimei BYTES_RECEIVED 1007
yimei COM_EXECUTE_SQL 0
yimei COM_INSERT 0
yimei COM_UPDATE 0
yimei CREATED_TMP_DISK_TABLES 0
yimei SLOW_QUERIES 0
yimei THREADS_CONNECTED 0
yimei COM_COMMIT 0
frms BYTES_RECEIVED 1007
frms COM_DELETE 0
frms COM_INSERT 0
frms COM_ROLLBACK 0
frms COM_SELECT 2
frms CREATED_TMP_DISK_TABLES 0
frms SLOW_QUERIES 0
frms THREADS_CONNECTED 0
frms THREADS_RUNNING 0
frms BYTES_SENT 0
frms COM_COMMIT 0
frms COM_EXECUTE_SQL 0
frms COM_UPDATE 0
biz-ro-capital BYTES_RECEIVED 5316978
biz-ro-capital COM_INSERT 3404
biz-ro-capital COM_ROLLBACK 0
biz-ro-capital COM_SELECT 80
biz-ro-capital SLOW_QUERIES 0
biz-ro-capital THREADS_RUNNING 0
biz-ro-capital THREADS_CONNECTED 0
biz-ro-capital BYTES_SENT 0
biz-ro-capital COM_COMMIT 2821
biz-ro-capital COM_DELETE 949
biz-ro-capital COM_EXECUTE_SQL 0
biz-ro-capital COM_UPDATE 2487
biz-ro-capital CREATED_TMP_DISK_TABLES 0
msgsvr-db COM_COMMIT 0
msgsvr-db COM_INSERT 2030
msgsvr-db COM_ROLLBACK 0
msgsvr-db COM_SELECT 1972
msgsvr-db COM_UPDATE 1595
msgsvr-db BYTES_SENT 0
msgsvr-db COM_DELETE 0
msgsvr-db COM_EXECUTE_SQL 0
msgsvr-db CREATED_TMP_DISK_TABLES 0
msgsvr-db SLOW_QUERIES 0
msgsvr-db THREADS_CONNECTED 0
msgsvr-db THREADS_RUNNING 0
msgsvr-db BYTES_RECEIVED 1943897
matcher-slave THREADS_RUNNING 0
matcher-slave BYTES_SENT 0
matcher-slave COM_EXECUTE_SQL 0
matcher-slave COM_ROLLBACK 0
matcher-slave CREATED_TMP_DISK_TABLES 0
matcher-slave THREADS_CONNECTED 0
matcher-slave COM_UPDATE 19
matcher-slave SLOW_QUERIES 0
matcher-slave BYTES_RECEIVED 47712
matcher-slave COM_COMMIT 38
matcher-slave COM_DELETE 0
matcher-slave COM_INSERT 57
matcher-slave COM_SELECT 2
encryptor7 BYTES_SENT 0
encryptor7 COM_ROLLBACK 0
encryptor7 COM_SELECT 231
encryptor7 COM_UPDATE 0
encryptor7 CREATED_TMP_DISK_TABLES 0
encryptor7 THREADS_CONNECTED 0
encryptor7 THREADS_RUNNING 0
encryptor7 BYTES_RECEIVED 80049
encryptor7 COM_COMMIT 6
encryptor7 COM_DELETE 0
encryptor7 COM_EXECUTE_SQL 0
encryptor7 COM_INSERT 6
encryptor7 SLOW_QUERIES 0
fox-slave BYTES_RECEIVED 999320
fox-slave BYTES_SENT 0
fox-slave COM_COMMIT 550
fox-slave COM_DELETE 39
fox-slave COM_EXECUTE_SQL 0
fox-slave COM_SELECT 2
fox-slave THREADS_CONNECTED 0
fox-slave COM_INSERT 458
fox-slave COM_ROLLBACK 0
fox-slave COM_UPDATE 392
fox-slave CREATED_TMP_DISK_TABLES 0
fox-slave SLOW_QUERIES 0
fox-slave THREADS_RUNNING 0
biz-repay COM_INSERT 2290
biz-repay COM_UPDATE 1816
biz-repay CREATED_TMP_DISK_TABLES 0
biz-repay SLOW_QUERIES 0
biz-repay THREADS_RUNNING 0
biz-repay COM_COMMIT 992
biz-repay COM_DELETE 391
biz-repay COM_EXECUTE_SQL 0
biz-repay COM_ROLLBACK 0
biz-repay COM_SELECT 9551
biz-repay THREADS_CONNECTED 0
biz-repay BYTES_RECEIVED 8673868
biz-repay BYTES_SENT 0
encryptor9 BYTES_RECEIVED 70382
encryptor9 BYTES_SENT 0
encryptor9 COM_DELETE 0
encryptor9 COM_EXECUTE_SQL 0
encryptor9 COM_SELECT 204
encryptor9 THREADS_RUNNING 0
encryptor9 COM_COMMIT 8
encryptor9 COM_INSERT 8
encryptor9 COM_ROLLBACK 0
encryptor9 COM_UPDATE 0
encryptor9 CREATED_TMP_DISK_TABLES 0
encryptor9 SLOW_QUERIES 0
encryptor9 THREADS_CONNECTED 0
encryptor5 THREADS_RUNNING 0
encryptor5 COM_INSERT 16
encryptor5 COM_ROLLBACK 0
encryptor5 COM_SELECT 351
encryptor5 CREATED_TMP_DISK_TABLES 0
encryptor5 SLOW_QUERIES 0
encryptor5 COM_UPDATE 0
encryptor5 THREADS_CONNECTED 0
encryptor5 BYTES_RECEIVED 122925
encryptor5 BYTES_SENT 0
encryptor5 COM_COMMIT 16
encryptor5 COM_DELETE 0
encryptor5 COM_EXECUTE_SQL 0
matcher BYTES_RECEIVED 220663
matcher COM_SELECT 605
matcher SLOW_QUERIES 0
matcher THREADS_CONNECTED 0
matcher COM_ROLLBACK 0
matcher COM_UPDATE 19
matcher CREATED_TMP_DISK_TABLES 0
matcher BYTES_SENT 0
matcher COM_COMMIT 19
matcher COM_DELETE 0
matcher COM_EXECUTE_SQL 0
matcher COM_INSERT 57
matcher THREADS_RUNNING 0
dsq-slave-197-38 THREADS_CONNECTED 0
dsq-slave-197-38 THREADS_RUNNING 0
dsq-slave-197-38 BYTES_RECEIVED 4987050
dsq-slave-197-38 COM_DELETE 19
dsq-slave-197-38 COM_ROLLBACK 0
dsq-slave-197-38 COM_SELECT 273
dsq-slave-197-38 COM_UPDATE 7728
dsq-slave-197-38 CREATED_TMP_DISK_TABLES 0
dsq-slave-197-38 BYTES_SENT 0
dsq-slave-197-38 COM_COMMIT 10620
dsq-slave-197-38 COM_EXECUTE_SQL 0
dsq-slave-197-38 COM_INSERT 4450
dsq-slave-197-38 SLOW_QUERIES 0
bi BYTES_RECEIVED 2377
bi COM_COMMIT 0
bi THREADS_RUNNING 0
bi BYTES_SENT 0
bi COM_DELETE 0
bi COM_EXECUTE_SQL 0
bi COM_INSERT 0
bi COM_ROLLBACK 0
bi COM_SELECT 7
bi COM_UPDATE 3
bi CREATED_TMP_DISK_TABLES 0
bi SLOW_QUERIES 0
bi THREADS_CONNECTED 0
host BYTES_RECEIVED 372065
host BYTES_SENT 0
host COM_EXECUTE_SQL 0
host THREADS_CONNECTED 0
host THREADS_RUNNING 0
host SLOW_QUERIES 0
host COM_COMMIT 49
host COM_DELETE 0
host COM_INSERT 213
host COM_ROLLBACK 0
host COM_SELECT 740
host COM_UPDATE 266
host CREATED_TMP_DISK_TABLES 0
encryptor6 THREADS_CONNECTED 0
encryptor6 COM_COMMIT 9
encryptor6 COM_DELETE 0
encryptor6 COM_EXECUTE_SQL 0
encryptor6 COM_INSERT 9
encryptor6 COM_ROLLBACK 0
encryptor6 COM_SELECT 235
encryptor6 BYTES_RECEIVED 80843
encryptor6 BYTES_SENT 0
encryptor6 SLOW_QUERIES 0
encryptor6 THREADS_RUNNING 0
encryptor6 COM_UPDATE 0
encryptor6 CREATED_TMP_DISK_TABLES 0
cash BYTES_SENT 0
cash COM_COMMIT 1
cash COM_SELECT 92
cash CREATED_TMP_DISK_TABLES 0
cash THREADS_RUNNING 0
cash THREADS_CONNECTED 0
cash BYTES_RECEIVED 21621
cash COM_DELETE 0
cash COM_EXECUTE_SQL 0
cash COM_INSERT 4
cash COM_ROLLBACK 0
cash COM_UPDATE 2
cash SLOW_QUERIES 0
biz-repay-slave COM_SELECT 6
biz-repay-slave COM_UPDATE 1836
biz-repay-slave CREATED_TMP_DISK_TABLES 0
biz-repay-slave BYTES_RECEIVED 8822122
biz-repay-slave BYTES_SENT 0
biz-repay-slave COM_COMMIT 2446
biz-repay-slave COM_DELETE 391
biz-repay-slave COM_ROLLBACK 0
biz-repay-slave SLOW_QUERIES 0
biz-repay-slave THREADS_CONNECTED 0
biz-repay-slave COM_EXECUTE_SQL 0
biz-repay-slave COM_INSERT 2304
biz-repay-slave THREADS_RUNNING 0
dsq-kkj BYTES_RECEIVED 1293
dsq-kkj BYTES_SENT 0
dsq-kkj COM_DELETE 0
dsq-kkj COM_EXECUTE_SQL 0
dsq-kkj COM_UPDATE 0
dsq-kkj CREATED_TMP_DISK_TABLES 0
dsq-kkj THREADS_RUNNING 0
dsq-kkj COM_COMMIT 0
dsq-kkj COM_INSERT 0
dsq-kkj COM_ROLLBACK 0
dsq-kkj COM_SELECT 2
dsq-kkj SLOW_QUERIES 0
dsq-kkj THREADS_CONNECTED 0
ryl-test-db CREATED_TMP_DISK_TABLES 0
ryl-test-db BYTES_SENT 0
ryl-test-db COM_COMMIT 0
ryl-test-db COM_DELETE 0
ryl-test-db COM_EXECUTE_SQL 0
ryl-test-db COM_ROLLBACK 30
ryl-test-db COM_SELECT 441
ryl-test-db COM_UPDATE 44
ryl-test-db THREADS_RUNNING 0
ryl-test-db BYTES_RECEIVED 140887
ryl-test-db COM_INSERT 0
ryl-test-db SLOW_QUERIES 0
ryl-test-db THREADS_CONNECTED 0
datamining BYTES_RECEIVED 1033
datamining COM_COMMIT 0
datamining COM_DELETE 0
datamining COM_EXECUTE_SQL 0
datamining COM_INSERT 0
datamining CREATED_TMP_DISK_TABLES 0
datamining SLOW_QUERIES 0
datamining BYTES_SENT 0
datamining COM_ROLLBACK 0
datamining COM_SELECT 2
datamining COM_UPDATE 0
datamining THREADS_CONNECTED 0
datamining THREADS_RUNNING 0
report COM_DELETE 5
report COM_EXECUTE_SQL 0
report COM_INSERT 24
report COM_UPDATE 6
report THREADS_RUNNING 0
report BYTES_RECEIVED 430451
report COM_COMMIT 48
report COM_SELECT 47
report CREATED_TMP_DISK_TABLES 0
report SLOW_QUERIES 0
report THREADS_CONNECTED 0
report BYTES_SENT 0
report COM_ROLLBACK 5
qnn-slave BYTES_RECEIVED 1002767
qnn-slave BYTES_SENT 0
qnn-slave COM_DELETE 1
qnn-slave COM_EXECUTE_SQL 0
qnn-slave THREADS_CONNECTED 0
qnn-slave THREADS_RUNNING 0
qnn-slave COM_COMMIT 1303
qnn-slave COM_INSERT 835
qnn-slave COM_ROLLBACK 0
qnn-slave COM_SELECT 38
qnn-slave COM_UPDATE 652
qnn-slave CREATED_TMP_DISK_TABLES 0
qnn-slave SLOW_QUERIES 0
testing_all_db BYTES_RECEIVED 5259994
testing_all_db COM_COMMIT 532
testing_all_db COM_DELETE 90
testing_all_db COM_EXECUTE_SQL 0
testing_all_db COM_INSERT 313
testing_all_db COM_UPDATE 695
testing_all_db SLOW_QUERIES 0
testing_all_db BYTES_SENT 0
testing_all_db COM_ROLLBACK 10
testing_all_db COM_SELECT 50225
testing_all_db CREATED_TMP_DISK_TABLES 0
testing_all_db THREADS_CONNECTED 0
testing_all_db THREADS_RUNNING 0
biz COM_COMMIT 3246
biz COM_INSERT 3393
biz COM_ROLLBACK 0
biz COM_UPDATE 2486
biz CREATED_TMP_DISK_TABLES 0
biz SLOW_QUERIES 0
biz THREADS_CONNECTED 0
biz BYTES_RECEIVED 13611291
biz BYTES_SENT 0
biz COM_DELETE 949
biz COM_EXECUTE_SQL 0
biz COM_SELECT 24946
biz THREADS_RUNNING 0
hadoop-cm THREADS_CONNECTED 0
hadoop-cm COM_EXECUTE_SQL 0
hadoop-cm COM_INSERT 26
hadoop-cm COM_ROLLBACK 110
hadoop-cm SLOW_QUERIES 0
hadoop-cm COM_SELECT 1705
hadoop-cm COM_UPDATE 60
hadoop-cm CREATED_TMP_DISK_TABLES 0
hadoop-cm THREADS_RUNNING 0
hadoop-cm BYTES_RECEIVED 33302494
hadoop-cm BYTES_SENT 0
hadoop-cm COM_COMMIT 254
hadoop-cm COM_DELETE 40
kfq COM_SELECT 7410
kfq SLOW_QUERIES 0
kfq THREADS_CONNECTED 0
kfq COM_COMMIT 635
kfq COM_EXECUTE_SQL 0
kfq COM_INSERT 0
kfq COM_ROLLBACK 0
kfq COM_UPDATE 0
kfq CREATED_TMP_DISK_TABLES 0
kfq THREADS_RUNNING 0
kfq BYTES_RECEIVED 1384131
kfq BYTES_SENT 0
kfq COM_DELETE 0
merchant COM_DELETE 0
merchant COM_INSERT 3
merchant COM_ROLLBACK 0
merchant COM_SELECT 1357
merchant COM_UPDATE 210
merchant CREATED_TMP_DISK_TABLES 0
merchant THREADS_CONNECTED 0
merchant BYTES_RECEIVED 641688
merchant BYTES_SENT 0
merchant COM_COMMIT 0
merchant COM_EXECUTE_SQL 0
merchant SLOW_QUERIES 0
merchant THREADS_RUNNING 0
weidu-bi COM_SELECT 13
weidu-bi CREATED_TMP_DISK_TABLES 0
weidu-bi BYTES_RECEIVED 4571
weidu-bi BYTES_SENT 0
weidu-bi COM_COMMIT 19
weidu-bi COM_DELETE 0
weidu-bi COM_EXECUTE_SQL 0
weidu-bi COM_ROLLBACK 0
weidu-bi SLOW_QUERIES 0
weidu-bi THREADS_RUNNING 0
weidu-bi COM_INSERT 0
weidu-bi COM_UPDATE 8
weidu-bi THREADS_CONNECTED 0
qsqadmin THREADS_CONNECTED 0
qsqadmin COM_COMMIT 23
qsqadmin COM_DELETE 1
qsqadmin COM_SELECT 3331
qsqadmin SLOW_QUERIES 0
qsqadmin COM_ROLLBACK 0
qsqadmin COM_UPDATE 586
qsqadmin CREATED_TMP_DISK_TABLES 0
qsqadmin THREADS_RUNNING 0
qsqadmin BYTES_RECEIVED 297531
qsqadmin BYTES_SENT 0
qsqadmin COM_EXECUTE_SQL 0
qsqadmin COM_INSERT 28
biz-slave-176-112 COM_COMMIT 2819
biz-slave-176-112 COM_UPDATE 2486
biz-slave-176-112 SLOW_QUERIES 0
biz-slave-176-112 THREADS_CONNECTED 0
biz-slave-176-112 BYTES_RECEIVED 5666119
biz-slave-176-112 BYTES_SENT 0
biz-slave-176-112 COM_INSERT 3399
biz-slave-176-112 COM_ROLLBACK 0
biz-slave-176-112 COM_SELECT 713
biz-slave-176-112 CREATED_TMP_DISK_TABLES 0
biz-slave-176-112 THREADS_RUNNING 0
biz-slave-176-112 COM_DELETE 949
biz-slave-176-112 COM_EXECUTE_SQL 0
capital COM_UPDATE 0
capital BYTES_RECEIVED 291071
capital COM_COMMIT 2
capital COM_EXECUTE_SQL 0
capital COM_INSERT 635
capital CREATED_TMP_DISK_TABLES 0
capital SLOW_QUERIES 0
capital THREADS_CONNECTED 0
capital THREADS_RUNNING 0
capital BYTES_SENT 0
capital COM_DELETE 11
capital COM_ROLLBACK 0
capital COM_SELECT 190
dsq BYTES_RECEIVED 106592691
dsq COM_COMMIT 791
dsq COM_SELECT 413180
dsq SLOW_QUERIES 0
dsq THREADS_CONNECTED 0
dsq THREADS_RUNNING 0
dsq BYTES_SENT 0
dsq COM_DELETE 19
dsq COM_EXECUTE_SQL 0
dsq COM_INSERT 4485
dsq COM_ROLLBACK 21
dsq COM_UPDATE 12693
dsq CREATED_TMP_DISK_TABLES 0
rongyilai COM_DELETE 0
rongyilai COM_EXECUTE_SQL 0
rongyilai COM_INSERT 338
rongyilai COM_SELECT 5251
rongyilai COM_UPDATE 114
rongyilai CREATED_TMP_DISK_TABLES 0
rongyilai SLOW_QUERIES 0
rongyilai BYTES_SENT 0
rongyilai THREADS_RUNNING 0
rongyilai THREADS_CONNECTED 0
rongyilai COM_COMMIT 1
rongyilai COM_ROLLBACK 0
rongyilai BYTES_RECEIVED 1223404
paysvr COM_UPDATE 233
paysvr CREATED_TMP_DISK_TABLES 0
paysvr THREADS_RUNNING 0
paysvr BYTES_RECEIVED 728428
paysvr BYTES_SENT 0
paysvr COM_COMMIT 65
paysvr COM_DELETE 0
paysvr COM_SELECT 1555
paysvr COM_EXECUTE_SQL 0
paysvr COM_INSERT 250
paysvr COM_ROLLBACK 0
paysvr SLOW_QUERIES 0
paysvr THREADS_CONNECTED 0
encryptor1 COM_ROLLBACK 0
encryptor1 CREATED_TMP_DISK_TABLES 0
encryptor1 SLOW_QUERIES 0
encryptor1 THREADS_CONNECTED 0
encryptor1 COM_COMMIT 14
encryptor1 COM_DELETE 0
encryptor1 COM_EXECUTE_SQL 0
encryptor1 COM_INSERT 14
encryptor1 THREADS_RUNNING 0
encryptor1 BYTES_RECEIVED 75122
encryptor1 BYTES_SENT 0
encryptor1 COM_SELECT 203
encryptor1 COM_UPDATE 0
qnn-risk COM_SELECT 10038
qnn-risk THREADS_RUNNING 0
qnn-risk BYTES_RECEIVED 3329412
qnn-risk BYTES_SENT 0
qnn-risk COM_EXECUTE_SQL 0
qnn-risk COM_ROLLBACK 0
qnn-risk CREATED_TMP_DISK_TABLES 0
qnn-risk SLOW_QUERIES 0
qnn-risk THREADS_CONNECTED 0
qnn-risk COM_COMMIT 201
qnn-risk COM_DELETE 0
qnn-risk COM_INSERT 1467
qnn-risk COM_UPDATE 311
encryptor2 COM_SELECT 298
encryptor2 COM_UPDATE 0
encryptor2 CREATED_TMP_DISK_TABLES 0
encryptor2 SLOW_QUERIES 0
encryptor2 THREADS_CONNECTED 0
encryptor2 BYTES_RECEIVED 102627
encryptor2 COM_EXECUTE_SQL 0
encryptor2 COM_ROLLBACK 0
encryptor2 COM_INSERT 5
encryptor2 THREADS_RUNNING 0
encryptor2 BYTES_SENT 0
encryptor2 COM_COMMIT 5
encryptor2 COM_DELETE 0
encryptor3 COM_DELETE 0
encryptor3 COM_INSERT 8
encryptor3 COM_ROLLBACK 0
encryptor3 COM_SELECT 147
encryptor3 THREADS_RUNNING 0
encryptor3 SLOW_QUERIES 0
encryptor3 THREADS_CONNECTED 0
encryptor3 BYTES_RECEIVED 53308
encryptor3 BYTES_SENT 0
encryptor3 COM_COMMIT 8
encryptor3 COM_EXECUTE_SQL 0
encryptor3 COM_UPDATE 0
encryptor3 CREATED_TMP_DISK_TABLES 0
dsq-black COM_ROLLBACK 0
dsq-black COM_UPDATE 3
dsq-black CREATED_TMP_DISK_TABLES 0
dsq-black THREADS_RUNNING 0
dsq-black COM_COMMIT 0
dsq-black COM_DELETE 0
dsq-black COM_EXECUTE_SQL 0
dsq-black COM_INSERT 0
dsq-black THREADS_CONNECTED 0
dsq-black BYTES_RECEIVED 53535
dsq-black BYTES_SENT 0
dsq-black COM_SELECT 443
dsq-black SLOW_QUERIES 0
encryptor8 COM_COMMIT 4
encryptor8 COM_EXECUTE_SQL 0
encryptor8 COM_INSERT 4
encryptor8 COM_SELECT 293
encryptor8 COM_UPDATE 0
encryptor8 CREATED_TMP_DISK_TABLES 0
encryptor8 THREADS_CONNECTED 0
encryptor8 BYTES_SENT 0
encryptor8 THREADS_RUNNING 0
encryptor8 COM_DELETE 0
encryptor8 COM_ROLLBACK 0
encryptor8 SLOW_QUERIES 0
encryptor8 BYTES_RECEIVED 100523
report-slave COM_COMMIT 49
report-slave COM_DELETE 5
report-slave COM_INSERT 29
report-slave COM_ROLLBACK 0
report-slave COM_UPDATE 15
report-slave THREADS_CONNECTED 0
report-slave BYTES_RECEIVED 5739031
report-slave BYTES_SENT 0
report-slave CREATED_TMP_DISK_TABLES 0
report-slave SLOW_QUERIES 0
report-slave THREADS_RUNNING 0
report-slave COM_EXECUTE_SQL 0
report-slave COM_SELECT 2
logdb COM_SELECT 2569
logdb COM_UPDATE 93
logdb THREADS_RUNNING 0
logdb CREATED_TMP_DISK_TABLES 0
logdb BYTES_RECEIVED 13805197
logdb BYTES_SENT 0
logdb COM_COMMIT 1255
logdb COM_DELETE 0
logdb COM_EXECUTE_SQL 0
logdb COM_INSERT 2297
logdb COM_ROLLBACK 0
logdb SLOW_QUERIES 0
logdb THREADS_CONNECTED 0
biz-gr BYTES_RECEIVED 4844739
biz-gr COM_DELETE 18
biz-gr COM_INSERT 1459
biz-gr COM_SELECT 7922
biz-gr THREADS_CONNECTED 0
biz-gr BYTES_SENT 0
biz-gr COM_COMMIT 562
biz-gr COM_EXECUTE_SQL 0
biz-gr COM_ROLLBACK 0
biz-gr COM_UPDATE 1612
biz-gr CREATED_TMP_DISK_TABLES 0
biz-gr SLOW_QUERIES 0
biz-gr THREADS_RUNNING 0
encryptor0 COM_UPDATE 0
encryptor0 THREADS_RUNNING 0
encryptor0 COM_EXECUTE_SQL 0
encryptor0 COM_INSERT 10
encryptor0 COM_ROLLBACK 0
encryptor0 COM_SELECT 1970
encryptor0 CREATED_TMP_DISK_TABLES 0
encryptor0 SLOW_QUERIES 0
encryptor0 THREADS_CONNECTED 0
encryptor0 BYTES_RECEIVED 572241
encryptor0 BYTES_SENT 0
encryptor0 COM_COMMIT 10
encryptor0 COM_DELETE 0
qbus COM_SELECT 524
qbus COM_UPDATE 258
qbus THREADS_RUNNING 0
qbus COM_COMMIT 258
qbus COM_DELETE 0
qbus COM_EXECUTE_SQL 0
qbus COM_INSERT 0
qbus COM_ROLLBACK 0
qbus BYTES_RECEIVED 86349
qbus BYTES_SENT 0
qbus CREATED_TMP_DISK_TABLES 0
qbus SLOW_QUERIES 0
qbus THREADS_CONNECTED 0
dsq-xjdd COM_SELECT 2
dsq-xjdd COM_UPDATE 0
dsq-xjdd SLOW_QUERIES 0
dsq-xjdd BYTES_SENT 0
dsq-xjdd COM_EXECUTE_SQL 0
dsq-xjdd COM_INSERT 0
dsq-xjdd COM_ROLLBACK 0
dsq-xjdd CREATED_TMP_DISK_TABLES 0
dsq-xjdd THREADS_CONNECTED 0
dsq-xjdd THREADS_RUNNING 0
dsq-xjdd BYTES_RECEIVED 1211
dsq-xjdd COM_COMMIT 0
dsq-xjdd COM_DELETE 0
